{"__type":"$$EventMessageAudit","id":"65af37c0-3f5e-44e8-9a01-acf3904b14a5","ts":"2025-07-10T17:29:14.436+00:00","eventName":"n8n.audit.workflow.created","message":"n8n.audit.workflow.created","payload":{"userId":"4bc34a17-e079-4bbb-a4a3-e651beda2a7a","_email":"splunk.commandcenter@gmail.com","_firstName":"Mallikarjunan","_lastName":"Krishnan","globalRole":"global:owner","workflowId":"Fh1O8N075lQdbhwf","workflowName":"My workflow"}}
{"__type":"$$EventMessageConfirm","confirm":"65af37c0-3f5e-44e8-9a01-acf3904b14a5","ts":"2025-07-10T17:29:14.447+00:00","source":{"id":"0","name":"eventBus"}}
{"__type":"$$EventMessageAudit","id":"2fcbd4f7-2659-4dd9-9c11-2978e1f36066","ts":"2025-07-10T17:29:14.898+00:00","eventName":"n8n.audit.workflow.updated","message":"n8n.audit.workflow.updated","payload":{"userId":"4bc34a17-e079-4bbb-a4a3-e651beda2a7a","_email":"splunk.commandcenter@gmail.com","_firstName":"Mallikarjunan","_lastName":"Krishnan","globalRole":"global:owner","workflowId":"Fh1O8N075lQdbhwf","workflowName":"My workflow"}}
{"__type":"$$EventMessageConfirm","confirm":"2fcbd4f7-2659-4dd9-9c11-2978e1f36066","ts":"2025-07-10T17:29:14.898+00:00","source":{"id":"0","name":"eventBus"}}
{"__type":"$$EventMessageWorkflow","id":"5f6352cd-580e-49a6-b74a-47b8a8e4428c","ts":"2025-07-10T13:41:20.645-04:00","eventName":"n8n.workflow.started","message":"n8n.workflow.started","payload":{"executionId":"1","workflowId":"Fh1O8N075lQdbhwf","isManual":false,"workflowName":"My workflow"}}
{"__type":"$$EventMessageConfirm","confirm":"5f6352cd-580e-49a6-b74a-47b8a8e4428c","ts":"2025-07-10T13:41:20.651-04:00","source":{"id":"0","name":"eventBus"}}
{"__type":"$$EventMessageNode","id":"2395ff0c-4d6f-4650-b1b2-ee741deb6886","ts":"2025-07-10T13:41:20.654-04:00","eventName":"n8n.node.started","message":"n8n.node.started","payload":{"workflowId":"Fh1O8N075lQdbhwf","workflowName":"My workflow","executionId":"1","nodeType":"n8n-nodes-base.webhook","nodeName":"Webhook","nodeId":"7e4ba562-a0f8-4728-a9f4-f6eb7b2fc673"}}
{"__type":"$$EventMessageConfirm","confirm":"2395ff0c-4d6f-4650-b1b2-ee741deb6886","ts":"2025-07-10T13:41:20.654-04:00","source":{"id":"0","name":"eventBus"}}
{"__type":"$$EventMessageNode","id":"2b853097-b7ce-4ca5-84b6-0bee4592c97c","ts":"2025-07-10T13:41:20.660-04:00","eventName":"n8n.node.finished","message":"n8n.node.finished","payload":{"workflowId":"Fh1O8N075lQdbhwf","workflowName":"My workflow","executionId":"1","nodeType":"n8n-nodes-base.webhook","nodeName":"Webhook","nodeId":"7e4ba562-a0f8-4728-a9f4-f6eb7b2fc673"}}
{"__type":"$$EventMessageConfirm","confirm":"2b853097-b7ce-4ca5-84b6-0bee4592c97c","ts":"2025-07-10T13:41:20.660-04:00","source":{"id":"0","name":"eventBus"}}
{"__type":"$$EventMessageWorkflow","id":"d3e98d3f-26d1-442e-8036-601eeef6481d","ts":"2025-07-10T13:41:20.671-04:00","eventName":"n8n.workflow.success","message":"n8n.workflow.success","payload":{"executionId":"1","success":true,"isManual":false,"workflowId":"Fh1O8N075lQdbhwf","workflowName":"My workflow"}}
{"__type":"$$EventMessageConfirm","confirm":"d3e98d3f-26d1-442e-8036-601eeef6481d","ts":"2025-07-10T13:41:20.672-04:00","source":{"id":"0","name":"eventBus"}}
{"__type":"$$EventMessageWorkflow","id":"822c7af2-f8ac-4755-9832-94e462ba072b","ts":"2025-07-10T13:42:24.774-04:00","eventName":"n8n.workflow.started","message":"n8n.workflow.started","payload":{"executionId":"2","workflowId":"Fh1O8N075lQdbhwf","isManual":false,"workflowName":"My workflow"}}
{"__type":"$$EventMessageConfirm","confirm":"822c7af2-f8ac-4755-9832-94e462ba072b","ts":"2025-07-10T13:42:24.774-04:00","source":{"id":"0","name":"eventBus"}}
{"__type":"$$EventMessageNode","id":"10e5acd7-a13a-42a4-96e7-ceccada28020","ts":"2025-07-10T13:42:24.775-04:00","eventName":"n8n.node.started","message":"n8n.node.started","payload":{"workflowId":"Fh1O8N075lQdbhwf","workflowName":"My workflow","executionId":"2","nodeType":"n8n-nodes-base.webhook","nodeName":"Webhook","nodeId":"7e4ba562-a0f8-4728-a9f4-f6eb7b2fc673"}}
{"__type":"$$EventMessageConfirm","confirm":"10e5acd7-a13a-42a4-96e7-ceccada28020","ts":"2025-07-10T13:42:24.775-04:00","source":{"id":"0","name":"eventBus"}}
{"__type":"$$EventMessageNode","id":"6f74f48f-b19c-4765-a6a5-718ef748b81d","ts":"2025-07-10T13:42:24.775-04:00","eventName":"n8n.node.finished","message":"n8n.node.finished","payload":{"workflowId":"Fh1O8N075lQdbhwf","workflowName":"My workflow","executionId":"2","nodeType":"n8n-nodes-base.webhook","nodeName":"Webhook","nodeId":"7e4ba562-a0f8-4728-a9f4-f6eb7b2fc673"}}
{"__type":"$$EventMessageConfirm","confirm":"6f74f48f-b19c-4765-a6a5-718ef748b81d","ts":"2025-07-10T13:42:24.775-04:00","source":{"id":"0","name":"eventBus"}}
{"__type":"$$EventMessageWorkflow","id":"25671000-c724-446d-93b9-044562766dee","ts":"2025-07-10T13:42:24.776-04:00","eventName":"n8n.workflow.success","message":"n8n.workflow.success","payload":{"executionId":"2","success":true,"isManual":false,"workflowId":"Fh1O8N075lQdbhwf","workflowName":"My workflow"}}
{"__type":"$$EventMessageConfirm","confirm":"25671000-c724-446d-93b9-044562766dee","ts":"2025-07-10T13:42:24.776-04:00","source":{"id":"0","name":"eventBus"}}
{"__type":"$$EventMessageAudit","id":"f3f0101e-c400-417b-8a3e-208378e1d8b7","ts":"2025-07-10T13:42:35.253-04:00","eventName":"n8n.audit.workflow.updated","message":"n8n.audit.workflow.updated","payload":{"userId":"4bc34a17-e079-4bbb-a4a3-e651beda2a7a","_email":"splunk.commandcenter@gmail.com","_firstName":"Mallikarjunan","_lastName":"Krishnan","globalRole":"global:owner","workflowId":"Fh1O8N075lQdbhwf","workflowName":"My workflow"}}
{"__type":"$$EventMessageConfirm","confirm":"f3f0101e-c400-417b-8a3e-208378e1d8b7","ts":"2025-07-10T13:42:35.254-04:00","source":{"id":"0","name":"eventBus"}}
{"__type":"$$EventMessageWorkflow","id":"675da542-2d7d-4b23-a904-dd4a71c1ac43","ts":"2025-07-10T13:43:14.030-04:00","eventName":"n8n.workflow.started","message":"n8n.workflow.started","payload":{"executionId":"3","workflowId":"Fh1O8N075lQdbhwf","isManual":false,"workflowName":"My workflow"}}
{"__type":"$$EventMessageConfirm","confirm":"675da542-2d7d-4b23-a904-dd4a71c1ac43","ts":"2025-07-10T13:43:14.030-04:00","source":{"id":"0","name":"eventBus"}}
{"__type":"$$EventMessageNode","id":"b4414471-8279-4329-85d5-b7a4e565dede","ts":"2025-07-10T13:43:14.030-04:00","eventName":"n8n.node.started","message":"n8n.node.started","payload":{"workflowId":"Fh1O8N075lQdbhwf","workflowName":"My workflow","executionId":"3","nodeType":"n8n-nodes-base.webhook","nodeName":"Webhook","nodeId":"7e4ba562-a0f8-4728-a9f4-f6eb7b2fc673"}}
{"__type":"$$EventMessageConfirm","confirm":"b4414471-8279-4329-85d5-b7a4e565dede","ts":"2025-07-10T13:43:14.030-04:00","source":{"id":"0","name":"eventBus"}}
{"__type":"$$EventMessageNode","id":"030dcd71-67ac-4c5f-b853-8924a781c781","ts":"2025-07-10T13:43:14.035-04:00","eventName":"n8n.node.finished","message":"n8n.node.finished","payload":{"workflowId":"Fh1O8N075lQdbhwf","workflowName":"My workflow","executionId":"3","nodeType":"n8n-nodes-base.webhook","nodeName":"Webhook","nodeId":"7e4ba562-a0f8-4728-a9f4-f6eb7b2fc673"}}
{"__type":"$$EventMessageConfirm","confirm":"030dcd71-67ac-4c5f-b853-8924a781c781","ts":"2025-07-10T13:43:14.035-04:00","source":{"id":"0","name":"eventBus"}}
{"__type":"$$EventMessageNode","id":"6ddf1b09-657a-4e23-962f-b13b8baee8d0","ts":"2025-07-10T13:43:14.036-04:00","eventName":"n8n.node.started","message":"n8n.node.started","payload":{"workflowId":"Fh1O8N075lQdbhwf","workflowName":"My workflow","executionId":"3","nodeType":"n8n-nodes-base.httpRequest","nodeName":"HTTP Request","nodeId":"a0f3d651-1b59-42bf-b1d8-cc4b9571cef9"}}
{"__type":"$$EventMessageConfirm","confirm":"6ddf1b09-657a-4e23-962f-b13b8baee8d0","ts":"2025-07-10T13:43:14.037-04:00","source":{"id":"0","name":"eventBus"}}
{"__type":"$$EventMessageNode","id":"935ae359-0080-4ab1-9c63-dadba840f1f1","ts":"2025-07-10T13:43:15.003-04:00","eventName":"n8n.node.finished","message":"n8n.node.finished","payload":{"workflowId":"Fh1O8N075lQdbhwf","workflowName":"My workflow","executionId":"3","nodeType":"n8n-nodes-base.httpRequest","nodeName":"HTTP Request","nodeId":"a0f3d651-1b59-42bf-b1d8-cc4b9571cef9"}}
{"__type":"$$EventMessageConfirm","confirm":"935ae359-0080-4ab1-9c63-dadba840f1f1","ts":"2025-07-10T13:43:15.003-04:00","source":{"id":"0","name":"eventBus"}}
{"__type":"$$EventMessageWorkflow","id":"647648e6-aa85-47e1-b1f8-c2b03ff12408","ts":"2025-07-10T13:43:15.004-04:00","eventName":"n8n.workflow.success","message":"n8n.workflow.success","payload":{"executionId":"3","success":true,"isManual":false,"workflowId":"Fh1O8N075lQdbhwf","workflowName":"My workflow"}}
{"__type":"$$EventMessageConfirm","confirm":"647648e6-aa85-47e1-b1f8-c2b03ff12408","ts":"2025-07-10T13:43:15.004-04:00","source":{"id":"0","name":"eventBus"}}
{"__type":"$$EventMessageWorkflow","id":"e14cb7b1-148c-4d98-8d6a-87ced53cc015","ts":"2025-07-10T13:45:26.226-04:00","eventName":"n8n.workflow.started","message":"n8n.workflow.started","payload":{"executionId":"4","workflowId":"Fh1O8N075lQdbhwf","isManual":false,"workflowName":"My workflow"}}
{"__type":"$$EventMessageConfirm","confirm":"e14cb7b1-148c-4d98-8d6a-87ced53cc015","ts":"2025-07-10T13:45:26.228-04:00","source":{"id":"0","name":"eventBus"}}
{"__type":"$$EventMessageNode","id":"192f5cb0-11f6-4367-b477-54165ec31281","ts":"2025-07-10T13:45:26.239-04:00","eventName":"n8n.node.started","message":"n8n.node.started","payload":{"workflowId":"Fh1O8N075lQdbhwf","workflowName":"My workflow","executionId":"4","nodeType":"n8n-nodes-base.webhook","nodeName":"Webhook","nodeId":"7e4ba562-a0f8-4728-a9f4-f6eb7b2fc673"}}
{"__type":"$$EventMessageConfirm","confirm":"192f5cb0-11f6-4367-b477-54165ec31281","ts":"2025-07-10T13:45:26.239-04:00","source":{"id":"0","name":"eventBus"}}
{"__type":"$$EventMessageNode","id":"cae5917d-7adf-414b-b572-428ca9640a96","ts":"2025-07-10T13:45:26.240-04:00","eventName":"n8n.node.finished","message":"n8n.node.finished","payload":{"workflowId":"Fh1O8N075lQdbhwf","workflowName":"My workflow","executionId":"4","nodeType":"n8n-nodes-base.webhook","nodeName":"Webhook","nodeId":"7e4ba562-a0f8-4728-a9f4-f6eb7b2fc673"}}
{"__type":"$$EventMessageConfirm","confirm":"cae5917d-7adf-414b-b572-428ca9640a96","ts":"2025-07-10T13:45:26.242-04:00","source":{"id":"0","name":"eventBus"}}
{"__type":"$$EventMessageWorkflow","id":"0f800d93-15c0-4d90-a5f6-be11ed0a6a9b","ts":"2025-07-10T13:45:26.248-04:00","eventName":"n8n.workflow.success","message":"n8n.workflow.success","payload":{"executionId":"4","success":true,"isManual":true,"workflowId":"Fh1O8N075lQdbhwf","workflowName":"My workflow"}}
{"__type":"$$EventMessageConfirm","confirm":"0f800d93-15c0-4d90-a5f6-be11ed0a6a9b","ts":"2025-07-10T13:45:26.249-04:00","source":{"id":"0","name":"eventBus"}}
{"__type":"$$EventMessageWorkflow","id":"d1da2a42-5721-4ee9-a00f-db2ea791c02c","ts":"2025-07-10T13:45:47.556-04:00","eventName":"n8n.workflow.started","message":"n8n.workflow.started","payload":{"executionId":"5","workflowId":"Fh1O8N075lQdbhwf","isManual":false,"workflowName":"My workflow"}}
{"__type":"$$EventMessageConfirm","confirm":"d1da2a42-5721-4ee9-a00f-db2ea791c02c","ts":"2025-07-10T13:45:47.557-04:00","source":{"id":"0","name":"eventBus"}}
{"__type":"$$EventMessageNode","id":"b595aa7f-50b0-48e2-8c8c-26f38052834e","ts":"2025-07-10T13:45:47.562-04:00","eventName":"n8n.node.started","message":"n8n.node.started","payload":{"workflowId":"Fh1O8N075lQdbhwf","workflowName":"My workflow","executionId":"5","nodeType":"n8n-nodes-base.webhook","nodeName":"Webhook","nodeId":"7e4ba562-a0f8-4728-a9f4-f6eb7b2fc673"}}
{"__type":"$$EventMessageConfirm","confirm":"b595aa7f-50b0-48e2-8c8c-26f38052834e","ts":"2025-07-10T13:45:47.565-04:00","source":{"id":"0","name":"eventBus"}}
{"__type":"$$EventMessageNode","id":"72bf7c3a-57a0-4232-b174-fb0501d5e4d2","ts":"2025-07-10T13:45:47.569-04:00","eventName":"n8n.node.finished","message":"n8n.node.finished","payload":{"workflowId":"Fh1O8N075lQdbhwf","workflowName":"My workflow","executionId":"5","nodeType":"n8n-nodes-base.webhook","nodeName":"Webhook","nodeId":"7e4ba562-a0f8-4728-a9f4-f6eb7b2fc673"}}
{"__type":"$$EventMessageConfirm","confirm":"72bf7c3a-57a0-4232-b174-fb0501d5e4d2","ts":"2025-07-10T13:45:47.572-04:00","source":{"id":"0","name":"eventBus"}}
{"__type":"$$EventMessageNode","id":"fe5d9888-1fc2-41b1-b064-4f777949ff0e","ts":"2025-07-10T13:45:47.576-04:00","eventName":"n8n.node.started","message":"n8n.node.started","payload":{"workflowId":"Fh1O8N075lQdbhwf","workflowName":"My workflow","executionId":"5","nodeType":"n8n-nodes-base.httpRequest","nodeName":"HTTP Request","nodeId":"a0f3d651-1b59-42bf-b1d8-cc4b9571cef9"}}
{"__type":"$$EventMessageConfirm","confirm":"fe5d9888-1fc2-41b1-b064-4f777949ff0e","ts":"2025-07-10T13:45:47.577-04:00","source":{"id":"0","name":"eventBus"}}
{"__type":"$$EventMessageNode","id":"1acff218-34eb-4178-a45a-ac6884269b7a","ts":"2025-07-10T13:45:48.466-04:00","eventName":"n8n.node.finished","message":"n8n.node.finished","payload":{"workflowId":"Fh1O8N075lQdbhwf","workflowName":"My workflow","executionId":"5","nodeType":"n8n-nodes-base.httpRequest","nodeName":"HTTP Request","nodeId":"a0f3d651-1b59-42bf-b1d8-cc4b9571cef9"}}
{"__type":"$$EventMessageConfirm","confirm":"1acff218-34eb-4178-a45a-ac6884269b7a","ts":"2025-07-10T13:45:48.467-04:00","source":{"id":"0","name":"eventBus"}}
{"__type":"$$EventMessageWorkflow","id":"3bd47d44-b3fb-4099-ac20-44f67f1050ab","ts":"2025-07-10T13:45:48.483-04:00","eventName":"n8n.workflow.success","message":"n8n.workflow.success","payload":{"executionId":"5","success":true,"isManual":true,"workflowId":"Fh1O8N075lQdbhwf","workflowName":"My workflow"}}
{"__type":"$$EventMessageConfirm","confirm":"3bd47d44-b3fb-4099-ac20-44f67f1050ab","ts":"2025-07-10T13:45:48.486-04:00","source":{"id":"0","name":"eventBus"}}
{"__type":"$$EventMessageWorkflow","id":"8af46d74-9671-490b-8864-6afba7e6322b","ts":"2025-07-10T14:38:40.271-04:00","eventName":"n8n.workflow.started","message":"n8n.workflow.started","payload":{"executionId":"6","workflowId":"Fh1O8N075lQdbhwf","isManual":false,"workflowName":"My workflow"}}
{"__type":"$$EventMessageConfirm","confirm":"8af46d74-9671-490b-8864-6afba7e6322b","ts":"2025-07-10T14:38:40.305-04:00","source":{"id":"0","name":"eventBus"}}
{"__type":"$$EventMessageNode","id":"6ec240a8-efb4-41a5-914c-6840077151e7","ts":"2025-07-10T14:38:40.317-04:00","eventName":"n8n.node.started","message":"n8n.node.started","payload":{"workflowId":"Fh1O8N075lQdbhwf","workflowName":"My workflow","executionId":"6","nodeType":"n8n-nodes-base.webhook","nodeName":"Webhook","nodeId":"7e4ba562-a0f8-4728-a9f4-f6eb7b2fc673"}}
{"__type":"$$EventMessageConfirm","confirm":"6ec240a8-efb4-41a5-914c-6840077151e7","ts":"2025-07-10T14:38:40.317-04:00","source":{"id":"0","name":"eventBus"}}
{"__type":"$$EventMessageNode","id":"62691c65-d6d7-4ff9-b0d8-43d3ef51718e","ts":"2025-07-10T14:38:40.329-04:00","eventName":"n8n.node.finished","message":"n8n.node.finished","payload":{"workflowId":"Fh1O8N075lQdbhwf","workflowName":"My workflow","executionId":"6","nodeType":"n8n-nodes-base.webhook","nodeName":"Webhook","nodeId":"7e4ba562-a0f8-4728-a9f4-f6eb7b2fc673"}}
{"__type":"$$EventMessageConfirm","confirm":"62691c65-d6d7-4ff9-b0d8-43d3ef51718e","ts":"2025-07-10T14:38:40.331-04:00","source":{"id":"0","name":"eventBus"}}
{"__type":"$$EventMessageNode","id":"f13fcb61-01cd-4f5e-814e-6f1bdc729947","ts":"2025-07-10T14:38:40.332-04:00","eventName":"n8n.node.started","message":"n8n.node.started","payload":{"workflowId":"Fh1O8N075lQdbhwf","workflowName":"My workflow","executionId":"6","nodeType":"n8n-nodes-base.httpRequest","nodeName":"HTTP Request","nodeId":"a0f3d651-1b59-42bf-b1d8-cc4b9571cef9"}}
{"__type":"$$EventMessageConfirm","confirm":"f13fcb61-01cd-4f5e-814e-6f1bdc729947","ts":"2025-07-10T14:38:40.333-04:00","source":{"id":"0","name":"eventBus"}}
{"__type":"$$EventMessageNode","id":"6ce84a29-0936-4444-ad64-ce888d6aa882","ts":"2025-07-10T14:38:41.628-04:00","eventName":"n8n.node.finished","message":"n8n.node.finished","payload":{"workflowId":"Fh1O8N075lQdbhwf","workflowName":"My workflow","executionId":"6","nodeType":"n8n-nodes-base.httpRequest","nodeName":"HTTP Request","nodeId":"a0f3d651-1b59-42bf-b1d8-cc4b9571cef9"}}
{"__type":"$$EventMessageConfirm","confirm":"6ce84a29-0936-4444-ad64-ce888d6aa882","ts":"2025-07-10T14:38:41.629-04:00","source":{"id":"0","name":"eventBus"}}
{"__type":"$$EventMessageWorkflow","id":"c1f2e521-9573-4cfc-8d7a-701c73f57f8d","ts":"2025-07-10T14:38:41.641-04:00","eventName":"n8n.workflow.success","message":"n8n.workflow.success","payload":{"executionId":"6","success":true,"isManual":false,"workflowId":"Fh1O8N075lQdbhwf","workflowName":"My workflow"}}
{"__type":"$$EventMessageConfirm","confirm":"c1f2e521-9573-4cfc-8d7a-701c73f57f8d","ts":"2025-07-10T14:38:41.641-04:00","source":{"id":"0","name":"eventBus"}}
